[2025-02-17 23:14:26] Adding 2 jobs, 2 triggers.
[2025-02-17 23:14:26] Adding job: DEFAULT.FrequentLogWriterJob
[2025-02-17 23:14:26] Scheduling job: DEFAULT.FrequentLogWriterJob with trigger: DEFAULT.FrequentLogWriterTrigger
[2025-02-17 23:14:26] Adding job: DEFAULT.FileRotationJob
[2025-02-17 23:14:26] Scheduling job: DEFAULT.FileRotationJob with trigger: DEFAULT.FileRotationTrigger
[2025-02-17 23:14:26] Rescheduling job: DEFAULT.FrequentLogWriterJob with updated trigger: DEFAULT.FrequentLogWriterTrigger
[2025-02-17 23:14:26] Rescheduling job: DEFAULT.FileRotationJob with updated trigger: DEFAULT.FileRotationTrigger
[2025-02-17 23:14:27] [UserService] INFO: User 'user2' logged out | Session: 63fa8128 | IP: 192.168.173.103 | Device: Mobile | Browser: Safari | Response Time: 413ms
[2025-02-17 23:23:38] Adding 2 jobs, 2 triggers.
[2025-02-17 23:23:38] Adding job: DEFAULT.FrequentLogWriterJob
[2025-02-17 23:23:38] Scheduling job: DEFAULT.FrequentLogWriterJob with trigger: DEFAULT.FrequentLogWriterTrigger
[2025-02-17 23:23:38] Adding job: DEFAULT.FileRotationJob
[2025-02-17 23:23:38] Scheduling job: DEFAULT.FileRotationJob with trigger: DEFAULT.FileRotationTrigger
[2025-02-17 23:23:38] Rescheduling job: DEFAULT.FrequentLogWriterJob with updated trigger: DEFAULT.FrequentLogWriterTrigger
[2025-02-17 23:23:38] Rescheduling job: DEFAULT.FileRotationJob with updated trigger: DEFAULT.FileRotationTrigger
[2025-02-17 23:23:39] [FileService] WARNING: User 'user1' created record | Session: 81d6c78f | IP: 192.168.95.190 | Device: Tablet | Browser: Edge | Response Time: 532ms
[2025-02-17 23:26:14] Adding 2 jobs, 2 triggers.
[2025-02-17 23:26:14] Adding job: DEFAULT.FrequentLogWriterJob
[2025-02-17 23:26:14] Scheduling job: DEFAULT.FrequentLogWriterJob with trigger: DEFAULT.FrequentLogWriterTrigger
[2025-02-17 23:26:14] Adding job: DEFAULT.FileRotationJob
[2025-02-17 23:26:14] Scheduling job: DEFAULT.FileRotationJob with trigger: DEFAULT.FileRotationTrigger
[2025-02-17 23:26:14] Rescheduling job: DEFAULT.FrequentLogWriterJob with updated trigger: DEFAULT.FrequentLogWriterTrigger
[2025-02-17 23:26:14] Rescheduling job: DEFAULT.FileRotationJob with updated trigger: DEFAULT.FileRotationTrigger
[2025-02-17 23:26:14] [UserService] INFO: User 'user3' deleted item | Session: c9eefc0b | IP: 192.168.216.245 | Device: Tablet | Browser: Chrome | Response Time: 151ms
[2025-02-17 23:27:18] Adding 2 jobs, 2 triggers.
[2025-02-17 23:27:18] Adding job: DEFAULT.FrequentLogWriterJob
[2025-02-17 23:27:18] Scheduling job: DEFAULT.FrequentLogWriterJob with trigger: DEFAULT.FrequentLogWriterTrigger
[2025-02-17 23:27:18] Adding job: DEFAULT.FileRotationJob
[2025-02-17 23:27:18] Scheduling job: DEFAULT.FileRotationJob with trigger: DEFAULT.FileRotationTrigger
[2025-02-17 23:27:18] Rescheduling job: DEFAULT.FrequentLogWriterJob with updated trigger: DEFAULT.FrequentLogWriterTrigger
[2025-02-17 23:27:18] Rescheduling job: DEFAULT.FileRotationJob with updated trigger: DEFAULT.FileRotationTrigger
[2025-02-17 23:27:19] [DatabaseService] INFO: User 'guest' created record | Session: 461d2262 | IP: 192.168.159.112 | Device: Desktop | Browser: Firefox | Response Time: 269ms
